07:51:32,643 INFO  [org.jboss.modules] (main) JBoss Modules version 1.3.3.Final-redhat-1
07:51:34,566 INFO  [org.jboss.msc] (main) JBoss MSC version 1.1.5.Final-redhat-1
07:51:34,831 INFO  [org.jboss.as] (MSC service thread 1-6) JBAS015899: JBoss EAP 6.3.0.GA (AS 7.4.0.Final-redhat-19) starting
07:51:34,841 DEBUG [org.jboss.as.config] (MSC service thread 1-6) Configured system properties:
	[Standalone] = 
	awt.toolkit = sun.lwawt.macosx.LWCToolkit
	file.encoding = UTF-8
	file.encoding.pkg = sun.io
	file.separator = /
	ftp.nonProxyHosts = local|*.local|169.254/16|*.169.254/16
	gopherProxySet = false
	http.nonProxyHosts = local|*.local|169.254/16|*.169.254/16
	java.awt.graphicsenv = sun.awt.CGraphicsEnvironment
	java.awt.headless = true
	java.awt.printerjob = sun.lwawt.macosx.CPrinterJob
	java.class.path = /Users/nvan/Documents/Projects/Java/SSO/jboss-eap-6.3/jboss-modules.jar
	java.class.version = 51.0
	java.endorsed.dirs = /Library/Java/JavaVirtualMachines/jdk1.7.0_75.jdk/Contents/Home/jre/lib/endorsed
	java.ext.dirs = /Users/nvan/Library/Java/Extensions:/Library/Java/JavaVirtualMachines/jdk1.7.0_75.jdk/Contents/Home/jre/lib/ext:/Library/Java/Extensions:/Network/Library/Java/Extensions:/System/Library/Java/Extensions:/usr/lib/java
	java.home = /Library/Java/JavaVirtualMachines/jdk1.7.0_75.jdk/Contents/Home/jre
	java.io.tmpdir = /var/folders/5n/x573dqz902g82z61yw8bqqr00000gq/T/
	java.library.path = /Users/nvan/Library/Java/Extensions:/Library/Java/Extensions:/Network/Library/Java/Extensions:/System/Library/Java/Extensions:/usr/lib/java:.
	java.net.preferIPv4Stack = true
	java.runtime.name = Java(TM) SE Runtime Environment
	java.runtime.version = 1.7.0_75-b13
	java.specification.name = Java Platform API Specification
	java.specification.vendor = Oracle Corporation
	java.specification.version = 1.7
	java.util.logging.manager = org.jboss.logmanager.LogManager
	java.vendor = Oracle Corporation
	java.vendor.url = http://java.oracle.com/
	java.vendor.url.bug = http://bugreport.sun.com/bugreport/
	java.version = 1.7.0_75
	java.vm.info = mixed mode
	java.vm.name = Java HotSpot(TM) 64-Bit Server VM
	java.vm.specification.name = Java Virtual Machine Specification
	java.vm.specification.vendor = Oracle Corporation
	java.vm.specification.version = 1.7
	java.vm.vendor = Oracle Corporation
	java.vm.version = 24.75-b04
	javax.management.builder.initial = org.jboss.as.jmx.PluggableMBeanServerBuilder
	javax.xml.datatype.DatatypeFactory = __redirected.__DatatypeFactory
	javax.xml.parsers.DocumentBuilderFactory = __redirected.__DocumentBuilderFactory
	javax.xml.parsers.SAXParserFactory = __redirected.__SAXParserFactory
	javax.xml.stream.XMLEventFactory = __redirected.__XMLEventFactory
	javax.xml.stream.XMLInputFactory = __redirected.__XMLInputFactory
	javax.xml.stream.XMLOutputFactory = __redirected.__XMLOutputFactory
	javax.xml.transform.TransformerFactory = __redirected.__TransformerFactory
	javax.xml.validation.SchemaFactory:http://www.w3.org/2001/XMLSchema = __redirected.__SchemaFactory
	javax.xml.xpath.XPathFactory:http://java.sun.com/jaxp/xpath/dom = __redirected.__XPathFactory
	jboss.home.dir = /Users/nvan/Documents/Projects/Java/SSO/jboss-eap-6.3
	jboss.host.name = localhost
	jboss.modules.dir = /Users/nvan/Documents/Projects/Java/SSO/jboss-eap-6.3/modules
	jboss.modules.policy-permissions = true
	jboss.modules.system.pkgs = org.jboss.byteman
	jboss.node.name = localhost
	jboss.qualified.host.name = localhost
	jboss.server.base.dir = /Users/nvan/Documents/Projects/Java/SSO/jboss-eap-6.3/standalone
	jboss.server.config.dir = /Users/nvan/Documents/Projects/Java/SSO/jboss-eap-6.3/standalone/configuration
	jboss.server.data.dir = /Users/nvan/Documents/Projects/Java/SSO/jboss-eap-6.3/standalone/data
	jboss.server.deploy.dir = /Users/nvan/Documents/Projects/Java/SSO/jboss-eap-6.3/standalone/data/content
	jboss.server.log.dir = /Users/nvan/Documents/Projects/Java/SSO/jboss-eap-6.3/standalone/log
	jboss.server.name = localhost
	jboss.server.persist.config = true
	jboss.server.temp.dir = /Users/nvan/Documents/Projects/Java/SSO/jboss-eap-6.3/standalone/tmp
	line.separator = 

	logging.configuration = file:/Users/nvan/Documents/Projects/Java/SSO/jboss-eap-6.3/standalone/configuration/logging.properties
	module.path = /Users/nvan/Documents/Projects/Java/SSO/jboss-eap-6.3/modules
	org.jboss.boot.log.file = /Users/nvan/Documents/Projects/Java/SSO/jboss-eap-6.3/standalone/log/server.log
	org.jboss.resolver.warning = true
	org.xml.sax.driver = __redirected.__XMLReaderFactory
	os.arch = x86_64
	os.name = Mac OS X
	os.version = 10.10.2
	path.separator = :
	socksNonProxyHosts = local|*.local|169.254/16|*.169.254/16
	sun.arch.data.model = 64
	sun.boot.class.path = /Library/Java/JavaVirtualMachines/jdk1.7.0_75.jdk/Contents/Home/jre/lib/resources.jar:/Library/Java/JavaVirtualMachines/jdk1.7.0_75.jdk/Contents/Home/jre/lib/rt.jar:/Library/Java/JavaVirtualMachines/jdk1.7.0_75.jdk/Contents/Home/jre/lib/sunrsasign.jar:/Library/Java/JavaVirtualMachines/jdk1.7.0_75.jdk/Contents/Home/jre/lib/jsse.jar:/Library/Java/JavaVirtualMachines/jdk1.7.0_75.jdk/Contents/Home/jre/lib/jce.jar:/Library/Java/JavaVirtualMachines/jdk1.7.0_75.jdk/Contents/Home/jre/lib/charsets.jar:/Library/Java/JavaVirtualMachines/jdk1.7.0_75.jdk/Contents/Home/jre/lib/jfr.jar:/Library/Java/JavaVirtualMachines/jdk1.7.0_75.jdk/Contents/Home/jre/classes
	sun.boot.library.path = /Library/Java/JavaVirtualMachines/jdk1.7.0_75.jdk/Contents/Home/jre/lib
	sun.cpu.endian = little
	sun.cpu.isalist = 
	sun.io.unicode.encoding = UnicodeBig
	sun.java.command = /Users/nvan/Documents/Projects/Java/SSO/jboss-eap-6.3/jboss-modules.jar -mp /Users/nvan/Documents/Projects/Java/SSO/jboss-eap-6.3/modules -jaxpmodule javax.xml.jaxp-provider org.jboss.as.standalone -Djboss.home.dir=/Users/nvan/Documents/Projects/Java/SSO/jboss-eap-6.3 -Djboss.server.base.dir=/Users/nvan/Documents/Projects/Java/SSO/jboss-eap-6.3/standalone
	sun.java.launcher = SUN_STANDARD
	sun.jnu.encoding = UTF-8
	sun.management.compiler = HotSpot 64-Bit Tiered Compilers
	sun.os.patch.level = unknown
	user.country = US
	user.country.format = VN
	user.dir = /Users/nvan/Documents/Projects/Java/SSO/jboss-eap-6.3/bin
	user.home = /Users/nvan
	user.language = en
	user.name = nvan
	user.timezone = Asia/Ho_Chi_Minh
07:51:34,844 DEBUG [org.jboss.as.config] (MSC service thread 1-6) VM Arguments: -D[Standalone] -XX:+UseCompressedOops -verbose:gc -Xloggc:/Users/nvan/Documents/Projects/Java/SSO/jboss-eap-6.3/standalone/log/gc.log -XX:+PrintGCDetails -XX:+PrintGCDateStamps -XX:+UseGCLogFileRotation -XX:NumberOfGCLogFiles=5 -XX:GCLogFileSize=3M -XX:-TraceClassUnloading -Xms1303m -Xmx1303m -XX:MaxPermSize=256m -Djava.net.preferIPv4Stack=true -Djboss.modules.system.pkgs=org.jboss.byteman -Djava.awt.headless=true -Djboss.modules.policy-permissions=true -Dorg.jboss.boot.log.file=/Users/nvan/Documents/Projects/Java/SSO/jboss-eap-6.3/standalone/log/server.log -Dlogging.configuration=file:/Users/nvan/Documents/Projects/Java/SSO/jboss-eap-6.3/standalone/configuration/logging.properties 
07:51:41,616 INFO  [org.jboss.as.server.deployment.scanner] (DeploymentScanner-threads - 1) JBAS015003: Found auth-server.war in deployment directory. To trigger deployment create a file called auth-server.war.dodeploy
07:51:41,767 INFO  [org.xnio] (MSC service thread 1-4) XNIO Version 3.0.10.GA-redhat-1
07:51:41,767 INFO  [org.jboss.as.server] (Controller Boot Thread) JBAS015888: Creating http management service using socket-binding (management-http)
07:51:41,813 INFO  [org.xnio.nio] (MSC service thread 1-4) XNIO NIO Implementation Version 3.0.10.GA-redhat-1
07:51:42,084 INFO  [org.jboss.remoting] (MSC service thread 1-4) JBoss Remoting version (unknown)
09:01:32,383 INFO  [org.jboss.modules] (main) JBoss Modules version 1.3.3.Final-redhat-1
09:01:32,725 INFO  [org.jboss.msc] (main) JBoss MSC version 1.1.5.Final-redhat-1
09:01:32,887 INFO  [org.jboss.as] (MSC service thread 1-6) JBAS015899: JBoss EAP 6.3.0.GA (AS 7.4.0.Final-redhat-19) starting
09:01:32,897 DEBUG [org.jboss.as.config] (MSC service thread 1-6) Configured system properties:
	[Standalone] = 
	awt.toolkit = sun.lwawt.macosx.LWCToolkit
	file.encoding = UTF-8
	file.encoding.pkg = sun.io
	file.separator = /
	ftp.nonProxyHosts = local|*.local|169.254/16|*.169.254/16
	gopherProxySet = false
	http.nonProxyHosts = local|*.local|169.254/16|*.169.254/16
	java.awt.graphicsenv = sun.awt.CGraphicsEnvironment
	java.awt.headless = true
	java.awt.printerjob = sun.lwawt.macosx.CPrinterJob
	java.class.path = /Users/nvan/Documents/Projects/Java/SSO/jboss-eap-6.3/jboss-modules.jar
	java.class.version = 51.0
	java.endorsed.dirs = /Library/Java/JavaVirtualMachines/jdk1.7.0_75.jdk/Contents/Home/jre/lib/endorsed
	java.ext.dirs = /Users/nvan/Library/Java/Extensions:/Library/Java/JavaVirtualMachines/jdk1.7.0_75.jdk/Contents/Home/jre/lib/ext:/Library/Java/Extensions:/Network/Library/Java/Extensions:/System/Library/Java/Extensions:/usr/lib/java
	java.home = /Library/Java/JavaVirtualMachines/jdk1.7.0_75.jdk/Contents/Home/jre
	java.io.tmpdir = /var/folders/5n/x573dqz902g82z61yw8bqqr00000gq/T/
	java.library.path = /Users/nvan/Library/Java/Extensions:/Library/Java/Extensions:/Network/Library/Java/Extensions:/System/Library/Java/Extensions:/usr/lib/java:.
	java.net.preferIPv4Stack = true
	java.runtime.name = Java(TM) SE Runtime Environment
	java.runtime.version = 1.7.0_75-b13
	java.specification.name = Java Platform API Specification
	java.specification.vendor = Oracle Corporation
	java.specification.version = 1.7
	java.util.logging.manager = org.jboss.logmanager.LogManager
	java.vendor = Oracle Corporation
	java.vendor.url = http://java.oracle.com/
	java.vendor.url.bug = http://bugreport.sun.com/bugreport/
	java.version = 1.7.0_75
	java.vm.info = mixed mode
	java.vm.name = Java HotSpot(TM) 64-Bit Server VM
	java.vm.specification.name = Java Virtual Machine Specification
	java.vm.specification.vendor = Oracle Corporation
	java.vm.specification.version = 1.7
	java.vm.vendor = Oracle Corporation
	java.vm.version = 24.75-b04
	javax.management.builder.initial = org.jboss.as.jmx.PluggableMBeanServerBuilder
	javax.xml.datatype.DatatypeFactory = __redirected.__DatatypeFactory
	javax.xml.parsers.DocumentBuilderFactory = __redirected.__DocumentBuilderFactory
	javax.xml.parsers.SAXParserFactory = __redirected.__SAXParserFactory
	javax.xml.stream.XMLEventFactory = __redirected.__XMLEventFactory
	javax.xml.stream.XMLInputFactory = __redirected.__XMLInputFactory
	javax.xml.stream.XMLOutputFactory = __redirected.__XMLOutputFactory
	javax.xml.transform.TransformerFactory = __redirected.__TransformerFactory
	javax.xml.validation.SchemaFactory:http://www.w3.org/2001/XMLSchema = __redirected.__SchemaFactory
	javax.xml.xpath.XPathFactory:http://java.sun.com/jaxp/xpath/dom = __redirected.__XPathFactory
	jboss.home.dir = /Users/nvan/Documents/Projects/Java/SSO/jboss-eap-6.3
	jboss.host.name = localhost
	jboss.modules.dir = /Users/nvan/Documents/Projects/Java/SSO/jboss-eap-6.3/modules
	jboss.modules.policy-permissions = true
	jboss.modules.system.pkgs = org.jboss.byteman
	jboss.node.name = localhost
	jboss.qualified.host.name = localhost
	jboss.server.base.dir = /Users/nvan/Documents/Projects/Java/SSO/jboss-eap-6.3/standalone
	jboss.server.config.dir = /Users/nvan/Documents/Projects/Java/SSO/jboss-eap-6.3/standalone/configuration
	jboss.server.data.dir = /Users/nvan/Documents/Projects/Java/SSO/jboss-eap-6.3/standalone/data
	jboss.server.deploy.dir = /Users/nvan/Documents/Projects/Java/SSO/jboss-eap-6.3/standalone/data/content
	jboss.server.log.dir = /Users/nvan/Documents/Projects/Java/SSO/jboss-eap-6.3/standalone/log
	jboss.server.name = localhost
	jboss.server.persist.config = true
	jboss.server.temp.dir = /Users/nvan/Documents/Projects/Java/SSO/jboss-eap-6.3/standalone/tmp
	line.separator = 

	logging.configuration = file:/Users/nvan/Documents/Projects/Java/SSO/jboss-eap-6.3/standalone/configuration/logging.properties
	module.path = /Users/nvan/Documents/Projects/Java/SSO/jboss-eap-6.3/modules
	org.jboss.boot.log.file = /Users/nvan/Documents/Projects/Java/SSO/jboss-eap-6.3/standalone/log/server.log
	org.jboss.resolver.warning = true
	org.xml.sax.driver = __redirected.__XMLReaderFactory
	os.arch = x86_64
	os.name = Mac OS X
	os.version = 10.10.2
	path.separator = :
	socksNonProxyHosts = local|*.local|169.254/16|*.169.254/16
	sun.arch.data.model = 64
	sun.boot.class.path = /Library/Java/JavaVirtualMachines/jdk1.7.0_75.jdk/Contents/Home/jre/lib/resources.jar:/Library/Java/JavaVirtualMachines/jdk1.7.0_75.jdk/Contents/Home/jre/lib/rt.jar:/Library/Java/JavaVirtualMachines/jdk1.7.0_75.jdk/Contents/Home/jre/lib/sunrsasign.jar:/Library/Java/JavaVirtualMachines/jdk1.7.0_75.jdk/Contents/Home/jre/lib/jsse.jar:/Library/Java/JavaVirtualMachines/jdk1.7.0_75.jdk/Contents/Home/jre/lib/jce.jar:/Library/Java/JavaVirtualMachines/jdk1.7.0_75.jdk/Contents/Home/jre/lib/charsets.jar:/Library/Java/JavaVirtualMachines/jdk1.7.0_75.jdk/Contents/Home/jre/lib/jfr.jar:/Library/Java/JavaVirtualMachines/jdk1.7.0_75.jdk/Contents/Home/jre/classes
	sun.boot.library.path = /Library/Java/JavaVirtualMachines/jdk1.7.0_75.jdk/Contents/Home/jre/lib
	sun.cpu.endian = little
	sun.cpu.isalist = 
	sun.io.unicode.encoding = UnicodeBig
	sun.java.command = /Users/nvan/Documents/Projects/Java/SSO/jboss-eap-6.3/jboss-modules.jar -mp /Users/nvan/Documents/Projects/Java/SSO/jboss-eap-6.3/modules -jaxpmodule javax.xml.jaxp-provider org.jboss.as.standalone -Djboss.home.dir=/Users/nvan/Documents/Projects/Java/SSO/jboss-eap-6.3 -Djboss.server.base.dir=/Users/nvan/Documents/Projects/Java/SSO/jboss-eap-6.3/standalone
	sun.java.launcher = SUN_STANDARD
	sun.jnu.encoding = UTF-8
	sun.management.compiler = HotSpot 64-Bit Tiered Compilers
	sun.os.patch.level = unknown
	user.country = US
	user.country.format = VN
	user.dir = /Users/nvan/Documents/Projects/Java/SSO/jboss-eap-6.3/bin
	user.home = /Users/nvan
	user.language = en
	user.name = nvan
	user.timezone = Asia/Ho_Chi_Minh
09:01:32,900 DEBUG [org.jboss.as.config] (MSC service thread 1-6) VM Arguments: -D[Standalone] -XX:+UseCompressedOops -verbose:gc -Xloggc:/Users/nvan/Documents/Projects/Java/SSO/jboss-eap-6.3/standalone/log/gc.log -XX:+PrintGCDetails -XX:+PrintGCDateStamps -XX:+UseGCLogFileRotation -XX:NumberOfGCLogFiles=5 -XX:GCLogFileSize=3M -XX:-TraceClassUnloading -Xms1303m -Xmx1303m -XX:MaxPermSize=256m -Djava.net.preferIPv4Stack=true -Djboss.modules.system.pkgs=org.jboss.byteman -Djava.awt.headless=true -Djboss.modules.policy-permissions=true -Dorg.jboss.boot.log.file=/Users/nvan/Documents/Projects/Java/SSO/jboss-eap-6.3/standalone/log/server.log -Dlogging.configuration=file:/Users/nvan/Documents/Projects/Java/SSO/jboss-eap-6.3/standalone/configuration/logging.properties 
09:01:34,446 INFO  [org.jboss.as.server.deployment.scanner] (DeploymentScanner-threads - 1) JBAS015003: Found auth-server.war in deployment directory. To trigger deployment create a file called auth-server.war.dodeploy
09:01:34,447 INFO  [org.jboss.as.server.deployment.scanner] (DeploymentScanner-threads - 1) JBAS015003: Found employee.war in deployment directory. To trigger deployment create a file called employee.war.dodeploy
09:01:34,492 INFO  [org.xnio] (MSC service thread 1-3) XNIO Version 3.0.10.GA-redhat-1
09:01:34,495 INFO  [org.jboss.as.server] (Controller Boot Thread) JBAS015888: Creating http management service using socket-binding (management-http)
09:01:34,500 INFO  [org.xnio.nio] (MSC service thread 1-3) XNIO NIO Implementation Version 3.0.10.GA-redhat-1
09:01:34,528 INFO  [org.jboss.remoting] (MSC service thread 1-3) JBoss Remoting version (unknown)
